2026-04-19T06:02:28+02:00 | ACTION=products.list | URI=/repo%20personal/uso_personal_pruebas/proyecto/api.php?action=products.list&vendedor_phone=529811352906
GET={"action":"products.list","vendedor_phone":"529811352906"}
POST=[]
ERROR=SQLSTATE[42S22]: Column not found: 1054 Unknown column 'v.store_image' in 'field list'
#0 C:\xampp\htdocs\repo personal\uso_personal_pruebas\proyecto\api.php(751): PDO->prepare('SELECT p.*, v.s...')
#1 {main}

2026-04-19T06:02:28+02:00 | ACTION=products.list | URI=/repo%20personal/uso_personal_pruebas/proyecto/api.php?action=products.list&limit=100
GET={"action":"products.list","limit":"100"}
POST=[]
ERROR=SQLSTATE[42S22]: Column not found: 1054 Unknown column 'v.store_image' in 'field list'
#0 C:\xampp\htdocs\repo personal\uso_personal_pruebas\proyecto\api.php(751): PDO->prepare('SELECT p.*, v.s...')
#1 {main}

2026-04-19T06:02:32+02:00 | ACTION=products.list | URI=/repo%20personal/uso_personal_pruebas/proyecto/api.php?action=products.list&limit=100
GET={"action":"products.list","limit":"100"}
POST=[]
ERROR=SQLSTATE[42S22]: Column not found: 1054 Unknown column 'v.store_image' in 'field list'
#0 C:\xampp\htdocs\repo personal\uso_personal_pruebas\proyecto\api.php(751): PDO->prepare('SELECT p.*, v.s...')
#1 {main}

2026-04-19T06:02:37+02:00 | ACTION=products.list | URI=/repo%20personal/uso_personal_pruebas/proyecto/api.php?action=products.list&vendedor_phone=529811352906
GET={"action":"products.list","vendedor_phone":"529811352906"}
POST=[]
ERROR=SQLSTATE[42S22]: Column not found: 1054 Unknown column 'v.store_image' in 'field list'
#0 C:\xampp\htdocs\repo personal\uso_personal_pruebas\proyecto\api.php(751): PDO->prepare('SELECT p.*, v.s...')
#1 {main}

2026-04-19T06:02:37+02:00 | ACTION=products.list | URI=/repo%20personal/uso_personal_pruebas/proyecto/api.php?action=products.list&limit=100
GET={"action":"products.list","limit":"100"}
POST=[]
ERROR=SQLSTATE[42S22]: Column not found: 1054 Unknown column 'v.store_image' in 'field list'
#0 C:\xampp\htdocs\repo personal\uso_personal_pruebas\proyecto\api.php(751): PDO->prepare('SELECT p.*, v.s...')
#1 {main}

2026-04-19T06:02:40+02:00 | ACTION=products.list | URI=/repo%20personal/uso_personal_pruebas/proyecto/api.php?action=products.list&limit=100
GET={"action":"products.list","limit":"100"}
POST=[]
ERROR=SQLSTATE[42S22]: Column not found: 1054 Unknown column 'v.store_image' in 'field list'
#0 C:\xampp\htdocs\repo personal\uso_personal_pruebas\proyecto\api.php(751): PDO->prepare('SELECT p.*, v.s...')
#1 {main}

2026-04-19T06:02:42+02:00 | ACTION=products.list | URI=/repo%20personal/uso_personal_pruebas/proyecto/api.php?action=products.list&vendedor_phone=529811352906
GET={"action":"products.list","vendedor_phone":"529811352906"}
POST=[]
ERROR=SQLSTATE[42S22]: Column not found: 1054 Unknown column 'v.store_image' in 'field list'
#0 C:\xampp\htdocs\repo personal\uso_personal_pruebas\proyecto\api.php(751): PDO->prepare('SELECT p.*, v.s...')
#1 {main}

2026-04-19T06:02:42+02:00 | ACTION=products.list | URI=/repo%20personal/uso_personal_pruebas/proyecto/api.php?action=products.list&limit=100
GET={"action":"products.list","limit":"100"}
POST=[]
ERROR=SQLSTATE[42S22]: Column not found: 1054 Unknown column 'v.store_image' in 'field list'
#0 C:\xampp\htdocs\repo personal\uso_personal_pruebas\proyecto\api.php(751): PDO->prepare('SELECT p.*, v.s...')
#1 {main}

2026-04-19T06:02:44+02:00 | ACTION=products.list | URI=/repo%20personal/uso_personal_pruebas/proyecto/api.php?action=products.list&limit=100
GET={"action":"products.list","limit":"100"}
POST=[]
ERROR=SQLSTATE[42S22]: Column not found: 1054 Unknown column 'v.store_image' in 'field list'
#0 C:\xampp\htdocs\repo personal\uso_personal_pruebas\proyecto\api.php(751): PDO->prepare('SELECT p.*, v.s...')
#1 {main}

2026-04-19T06:02:46+02:00 | ACTION=products.list | URI=/repo%20personal/uso_personal_pruebas/proyecto/api.php?action=products.list&limit=100
GET={"action":"products.list","limit":"100"}
POST=[]
ERROR=SQLSTATE[42S22]: Column not found: 1054 Unknown column 'v.store_image' in 'field list'
#0 C:\xampp\htdocs\repo personal\uso_personal_pruebas\proyecto\api.php(751): PDO->prepare('SELECT p.*, v.s...')
#1 {main}

2026-04-19T06:02:48+02:00 | ACTION=products.list | URI=/repo%20personal/uso_personal_pruebas/proyecto/api.php?action=products.list&limit=100
GET={"action":"products.list","limit":"100"}
POST=[]
ERROR=SQLSTATE[42S22]: Column not found: 1054 Unknown column 'v.store_image' in 'field list'
#0 C:\xampp\htdocs\repo personal\uso_personal_pruebas\proyecto\api.php(751): PDO->prepare('SELECT p.*, v.s...')
#1 {main}

2026-04-19T06:02:54+02:00 | ACTION=products.list | URI=/repo%20personal/uso_personal_pruebas/proyecto/api.php?action=products.list&limit=100
GET={"action":"products.list","limit":"100"}
POST=[]
ERROR=SQLSTATE[42S22]: Column not found: 1054 Unknown column 'v.store_image' in 'field list'
#0 C:\xampp\htdocs\repo personal\uso_personal_pruebas\proyecto\api.php(751): PDO->prepare('SELECT p.*, v.s...')
#1 {main}

2026-04-19T06:02:56+02:00 | ACTION=products.list | URI=/repo%20personal/uso_personal_pruebas/proyecto/api.php?action=products.list&vendedor_phone=529811352906
GET={"action":"products.list","vendedor_phone":"529811352906"}
POST=[]
ERROR=SQLSTATE[42S22]: Column not found: 1054 Unknown column 'v.store_image' in 'field list'
#0 C:\xampp\htdocs\repo personal\uso_personal_pruebas\proyecto\api.php(751): PDO->prepare('SELECT p.*, v.s...')
#1 {main}

2026-04-19T06:02:56+02:00 | ACTION=products.list | URI=/repo%20personal/uso_personal_pruebas/proyecto/api.php?action=products.list&limit=100
GET={"action":"products.list","limit":"100"}
POST=[]
ERROR=SQLSTATE[42S22]: Column not found: 1054 Unknown column 'v.store_image' in 'field list'
#0 C:\xampp\htdocs\repo personal\uso_personal_pruebas\proyecto\api.php(751): PDO->prepare('SELECT p.*, v.s...')
#1 {main}

